[02:06:30] [Craft Scheduler Thread - 12/INFO]: [Vault] Checking for Updates ... 
[02:06:30] [Craft Scheduler Thread - 12/INFO]: [Vault] No new version available
[08:06:30] [Craft Scheduler Thread - 13/INFO]: [Vault] Checking for Updates ... 
[08:06:30] [Craft Scheduler Thread - 13/INFO]: [Vault] No new version available
[11:38:35] [Server thread/INFO]: Saving the game (this may take a moment!)
[11:38:35] [Server thread/INFO]: Saved the game
[11:38:45] [Server thread/INFO]: Unknown command. Type "/help" for help.[m
[11:38:53] [Server thread/INFO]: Stopping the server
[11:38:53] [Server thread/INFO]: Stopping server
[11:38:53] [Server thread/INFO]: [EssentialsProtect] Disabling EssentialsProtect v2.17.1.0
[11:38:53] [Server thread/INFO]: [EssentialsXMPP] Disabling EssentialsXMPP v2.17.1.0
[11:38:53] [Server thread/INFO]: [WorldGuard] Disabling WorldGuard v7.0.0;02b731f
[11:38:53] [Server thread/INFO]: [WorldGuard] Shutting down executor and cancelling any pending tasks...
[11:38:53] [Server thread/INFO]: [EssentialsChat] Disabling EssentialsChat v2.17.1.0
[11:38:53] [Server thread/INFO]: [EssentialsGeoIP] Disabling EssentialsGeoIP v2.17.1.0
[11:38:53] [Server thread/INFO]: [EssentialsSpawn] Disabling EssentialsSpawn v2.17.1.0
[11:38:53] [Server thread/INFO]: [Essentials] Disabling Essentials v2.17.1.0
[11:38:53] [Server thread/INFO]: [Vault] [Vault][Economy] Essentials Economy unhooked.
[11:38:53] [Server thread/INFO]: [Vault] Disabling Vault v1.7.2-b107
[11:38:53] [Server thread/INFO]: WEPIF: PermissionsEx detected! Using PermissionsEx for permissions.
[11:38:53] [Server thread/INFO]: [WorldEdit] Disabling WorldEdit v7.0.1;61bc012
[11:38:53] [Server thread/INFO]: Unregistering com.sk89q.worldedit.bukkit.BukkitServerInterface from WorldEdit
[11:38:53] [Server thread/INFO]: [PermissionsEx] Disabling PermissionsEx v1.23.4
[11:38:53] [Server thread/INFO]: Saving players
[11:38:53] [Server thread/INFO]: Saving worlds
[11:38:53] [Server thread/INFO]: Saving chunks for level 'world'/minecraft:overworld
[11:38:53] [Server thread/INFO]: ThreadedAnvilChunkStorage (world): All chunks are saved
[11:38:53] [Server thread/INFO]: Saving chunks for level 'world_nether'/minecraft:the_nether
[11:38:54] [Server thread/INFO]: ThreadedAnvilChunkStorage (DIM-1): All chunks are saved
[11:38:54] [Server thread/INFO]: Saving chunks for level 'world_the_end'/minecraft:the_end
[11:38:54] [Server thread/INFO]: ThreadedAnvilChunkStorage (DIM1): All chunks are saved
[11:38:54] [Server thread/INFO]: ThreadedAnvilChunkStorage (world): All chunks are saved
[11:38:54] [Server thread/INFO]: ThreadedAnvilChunkStorage (DIM-1): All chunks are saved
[11:38:54] [Server thread/INFO]: ThreadedAnvilChunkStorage (DIM1): All chunks are saved
